/usr/sbin/mysqld, Version: 8.0.32 (MySQL Community Server - GPL). started with:
Tcp port: 3306  Unix socket: /var/run/mysqld/mysqld.sock
Time                 Id Command    Argument
# Time: 2023-05-14T11:31:20.478290Z
# User@Host: root[root] @  [192.168.0.1]  Id:     8
# Query_time: 5.001167  Lock_time: 0.000000 Rows_sent: 0  Rows_examined: 1
use index_performance;
SET timestamp=1684063875;
/* ApplicationName=IntelliJ IDEA 2022.1.1 */ DO SLEEP(5);
# Time: 2023-05-14T11:31:20.771192Z
# User@Host: root[root] @  [192.168.0.1]  Id:     9
# Query_time: 0.002001  Lock_time: 0.000007 Rows_sent: 5  Rows_examined: 21
SET timestamp=1684063880;
/* ApplicationName=IntelliJ IDEA 2022.1.1 */ select schema_name, default_collation_name
        from information_schema.schemata
        order by if(schema() = schema_name, 1, 2), schema_name;
# Time: 2023-05-14T11:31:20.790471Z
# User@Host: root[root] @  [192.168.0.1]  Id:     9
# Query_time: 0.002357  Lock_time: 0.000005 Rows_sent: 286  Rows_examined: 327
SET timestamp=1684063880;
/* ApplicationName=IntelliJ IDEA 2022.1.1 */ select collation_name, character_set_name,
          is_default collate utf8_general_ci = 'Yes' as is_default
        from information_schema.collations;
# Time: 2023-05-14T11:31:20.814415Z
# User@Host: root[root] @  [192.168.0.1]  Id:     9
# Query_time: 0.001510  Lock_time: 0.000003 Rows_sent: 6  Rows_examined: 6
SET timestamp=1684063880;
/* ApplicationName=IntelliJ IDEA 2022.1.1 */ select Host, User,
       ssl_type, ssl_cipher, x509_issuer, x509_subject,
       max_questions, max_updates, max_connections, max_user_connections, plugin, authentication_string, account_locked is_role
      from mysql.user;
# Time: 2023-05-14T11:31:20.834038Z
# User@Host: root[root] @  [192.168.0.1]  Id:     9
# Query_time: 0.001520  Lock_time: 0.000001 Rows_sent: 151  Rows_examined: 151
SET timestamp=1684063880;
/* ApplicationName=IntelliJ IDEA 2022.1.1 */ select grantee, privilege_type, is_grantable from information_schema.user_privileges;
# Time: 2023-05-14T11:31:20.854759Z
# User@Host: root[root] @  [192.168.0.1]  Id:     9
# Query_time: 0.001703  Lock_time: 0.000001 Rows_sent: 20  Rows_examined: 20
SET timestamp=1684063880;
/* ApplicationName=IntelliJ IDEA 2022.1.1 */ select grantee, table_schema, privilege_type, is_grantable from information_schema.schema_privileges;
# Time: 2023-05-14T11:31:20.872443Z
# User@Host: root[root] @  [192.168.0.1]  Id:     9
# Query_time: 0.000884  Lock_time: 0.000002 Rows_sent: 0  Rows_examined: 0
SET timestamp=1684063880;
/* ApplicationName=IntelliJ IDEA 2022.1.1 */ select from_host, from_user, to_host, to_user, with_admin_option from mysql.role_edges order by to_user, to_host;
# Time: 2023-05-14T11:31:20.900974Z
# User@Host: root[root] @  [192.168.0.1]  Id:     9
# Query_time: 0.001145  Lock_time: 0.000003 Rows_sent: 5  Rows_examined: 21
SET timestamp=1684063880;
/* ApplicationName=IntelliJ IDEA 2022.1.1 */ select schema_name, default_collation_name
        from information_schema.schemata
        order by if(schema() = schema_name, 1, 2), schema_name;
# Time: 2023-05-14T11:31:20.977150Z
# User@Host: root[root] @  [192.168.0.1]  Id:     9
# Query_time: 0.002043  Lock_time: 0.000005 Rows_sent: 0  Rows_examined: 442
SET timestamp=1684063880;
/* ApplicationName=IntelliJ IDEA 2022.1.1 */ select
          table_name,
          index_name,
          index_comment,
          index_type,
          non_unique,
          column_name,
          sub_part,
          collation,
          expression
        from information_schema.statistics
        where table_schema = 'index_performance' and
              index_schema = 'index_performance' and
              index_name collate utf8_general_ci <> 'PRIMARY'
        order by
          index_schema,
          table_name,
          index_name,
          seq_in_index;
# Time: 2023-05-14T11:31:20.996056Z
# User@Host: root[root] @  [192.168.0.1]  Id:     9
# Query_time: 0.001874  Lock_time: 0.000006 Rows_sent: 0  Rows_examined: 3
SET timestamp=1684063880;
/* ApplicationName=IntelliJ IDEA 2022.1.1 */ select
          c.constraint_name,
          c.constraint_schema,
          c.table_name,
          c.constraint_type,
          c.enforced = 'YES' enforced
        from information_schema.table_constraints c
          where c.table_schema = 'index_performance';
# Time: 2023-05-14T11:31:21.010289Z
# User@Host: root[root] @  [192.168.0.1]  Id:     9
# Query_time: 0.001396  Lock_time: 0.000004 Rows_sent: 0  Rows_examined: 15
SET timestamp=1684063881;
/* ApplicationName=IntelliJ IDEA 2022.1.1 */ select
        constraint_name,
        table_name,
        column_name,
        referenced_table_schema,
        referenced_table_name,
        referenced_column_name
      from information_schema.key_column_usage
      where table_schema = 'index_performance'
      order by
          table_name
        , constraint_name
        , ordinal_position;
# Time: 2023-05-14T11:31:21.045912Z
# User@Host: root[root] @  [192.168.0.1]  Id:     9
# Query_time: 0.001812  Lock_time: 0.000007 Rows_sent: 0  Rows_examined: 14
SET timestamp=1684063881;
/* ApplicationName=IntelliJ IDEA 2022.1.1 */ select
          trigger_name,
          event_object_table,
          event_manipulation,
          action_timing,
          definer
        from information_schema.triggers
        where trigger_schema = 'index_performance';
# Time: 2023-05-14T11:31:21.061738Z
# User@Host: root[root] @  [192.168.0.1]  Id:     9
# Query_time: 0.001776  Lock_time: 0.000006 Rows_sent: 0  Rows_examined: 0
SET timestamp=1684063881;
/* ApplicationName=IntelliJ IDEA 2022.1.1 */ select
          event_name,
          event_comment,
          definer,
          event_type = 'RECURRING' recurring,
          interval_value,
          interval_field,
          cast(coalesce(starts, execute_at) as char) starts,
          cast(ends as char) ends,
          status,
          on_completion = 'PRESERVE' preserve,
          last_executed
        from information_schema.events
        where event_schema = 'index_performance';
# Time: 2023-05-14T11:31:21.105044Z
# User@Host: root[root] @  [192.168.0.1]  Id:     9
# Query_time: 0.001484  Lock_time: 0.000002 Rows_sent: 0  Rows_examined: 0
SET timestamp=1684063881;
/* ApplicationName=IntelliJ IDEA 2022.1.1 */ select Host, User, Routine_name, Proc_priv, Routine_type = 'PROCEDURE' as is_proc
    from mysql.procs_priv where Db = 'index_performance';
# Time: 2023-05-14T11:31:21.120948Z
# User@Host: root[root] @  [192.168.0.1]  Id:     9
# Query_time: 0.001205  Lock_time: 0.000001 Rows_sent: 0  Rows_examined: 2
SET timestamp=1684063881;
/* ApplicationName=IntelliJ IDEA 2022.1.1 */ select grantee, table_name, column_name, privilege_type, is_grantable
      from information_schema.column_privileges
      where table_schema = 'index_performance'
      union all
      select grantee, table_name, '' column_name, privilege_type, is_grantable
      from information_schema.table_privileges
      where table_schema = 'index_performance'
      order by table_name, grantee, privilege_type;
